<?xml version="1.0" encoding="UTF-8"?>
<!-- Generated by org.testng.reporters.JUnitReportReporter -->
<testsuite hostname="DESKTOP-C2QNF7A" failures="0" tests="2" name="com.entrata.qa.testcases.SignInTest" time="36.951" errors="0" timestamp="2024-02-29T16:55:22 IST" skipped="0">
  <testcase classname="com.entrata.qa.testcases.SignInTest" name="verifySignInPageTitle" time="17.154"/>
  <system-out/>
  <testcase classname="com.entrata.qa.testcases.SignInTest" name="verifyResidentLoginbutton" time="19.797"/>
  <system-out/>
</testsuite> <!-- com.entrata.qa.testcases.SignInTest -->
