<?xml version="1.0" encoding="UTF-8"?>
<!-- Generated by org.testng.reporters.JUnitReportReporter -->
<testsuite hostname="DESKTOP-C2QNF7A" failures="0" tests="8" name="com.entrata.qa.testcases.HomePageTest" time="134.806" errors="0" timestamp="2024-02-29T16:55:22 IST" skipped="0">
  <testcase classname="com.entrata.qa.testcases.HomePageTest" name="verifyEntratalogo" time="17.019"/>
  <system-out/>
  <testcase classname="com.entrata.qa.testcases.HomePageTest" name="verifyHomePageTitleTest" time="3.252"/>
  <system-out/>
  <testcase classname="com.entrata.qa.testcases.HomePageTest" name="verifyproductsLabel" time="28.409"/>
  <system-out/>
  <testcase classname="com.entrata.qa.testcases.HomePageTest" name="verifySolutionsLabel" time="15.048"/>
  <system-out/>
  <testcase classname="com.entrata.qa.testcases.HomePageTest" name="verifyResourcesLabel" time="15.115"/>
  <system-out/>
  <testcase classname="com.entrata.qa.testcases.HomePageTest" name="verifyBasecampLabel" time="16.180"/>
  <system-out/>
  <testcase classname="com.entrata.qa.testcases.HomePageTest" name="verifycontactButton" time="20.109"/>
  <system-out/>
  <testcase classname="com.entrata.qa.testcases.HomePageTest" name="clickOnwatchDemobutton" time="19.674"/>
  <system-out/>
</testsuite> <!-- com.entrata.qa.testcases.HomePageTest -->
